<?xml version="1.0" encoding="UTF-8"?>
<!-- Generated by org.testng.reporters.JUnitReportReporter -->
<testsuite hostname="DESKTOP-99N73JI" failures="0" tests="1" name="tc.tc_homepage2" time="9.089" errors="0" timestamp="2021-01-31T14:22:37 IST" skipped="0">
  <testcase classname="tc.tc_homepage2" name="openhome" time="9.089"/>
</testsuite> <!-- tc.tc_homepage2 -->
